[    5439ms] [VERBOSE] [DOM] Input elements should have autocomplete attributes (suggested: "current-password"): (More info: https://goo.gl/9p2vKq) %o @ http://localhost:3000/signin?callbackUrl=http%3A%2F%2Flocalhost%3A3000%2Fsettings:0
[    5530ms] [INFO] %cDownload the React DevTools for a better development experience: https://react.dev/link/react-devtools font-weight:bold @ http://localhost:3000/_next/static/chunks/022i_next_dist_01bzi9n._.js:2971
[    5691ms] [LOG] [HMR] connected @ http://localhost:3000/_next/static/chunks/022i_next_dist_01bzi9n._.js:2971
[    5830ms] [LOG] [Fast Refresh] rebuilding @ http://localhost:3000/_next/static/chunks/022i_next_dist_01bzi9n._.js:2971
[    5979ms] [LOG] %c[Vercel Web Analytics]%c Debug mode is enabled by default in development. No requests will be sent to the server. color: rgb(120, 120, 120) color: inherit @ http://localhost:3000/_next/static/chunks/022i_next_dist_01bzi9n._.js:2971
[    5980ms] [LOG] %c[Vercel Web Analytics]%c Running queued event color: rgb(120, 120, 120) color: inherit pageview {route: /signin, path: /signin} @ http://localhost:3000/_next/static/chunks/022i_next_dist_01bzi9n._.js:2971
[    5983ms] [LOG] %c[Vercel Web Analytics]%c [view] http://localhost:3000/signin?callbackUrl=http%3A%2F%2Flocalhost%3A3000%2Fsettings color: rgb(120, 120, 120) color: inherit {o: http://localhost:3000/signin?callbackUrl=http%3A%2F%2Flocalhost%3A3000%2Fsettings, sv: 0.1.3, sdkn: @vercel/analytics/next, sdkv: 1.6.1, ts: 1781021498035} /_vercel/insights/view @ http://localhost:3000/_next/static/chunks/022i_next_dist_01bzi9n._.js:2971
[    6094ms] [LOG] [Fast Refresh] done in 365ms @ http://localhost:3000/_next/static/chunks/022i_next_dist_01bzi9n._.js:2971
[    6277ms] [ERROR] Failed to load resource: the server responded with a status of 401 (Unauthorized) @ http://localhost:3000/api/user-settings:0
[    6758ms] [WARNING] Error while trying to use the following icon from the Manifest: http://localhost:3000/icons/icon-192x192.png (Download error or resource isn't a valid image) @ http://localhost:3000/signin?callbackUrl=http%3A%2F%2Flocalhost%3A3000%2Fsettings:0
[   26464ms] [LOG] [Fast Refresh] rebuilding @ http://localhost:3000/_next/static/chunks/022i_next_dist_01bzi9n._.js:2971
[   26506ms] [LOG] [Fast Refresh] done in 144ms @ http://localhost:3000/_next/static/chunks/022i_next_dist_01bzi9n._.js:2971
[   26816ms] [LOG] %c[Vercel Web Analytics]%c [view] http://localhost:3000/ color: rgb(120, 120, 120) color: inherit {o: http://localhost:3000/, sv: 0.1.3, sdkn: @vercel/analytics/next, sdkv: 1.6.1, ts: 1781021518785} /_vercel/insights/view @ http://localhost:3000/_next/static/chunks/022i_next_dist_01bzi9n._.js:2971
[   26838ms] [LOG] [Fast Refresh] rebuilding @ http://localhost:3000/_next/static/chunks/022i_next_dist_01bzi9n._.js:2971
[   27616ms] [LOG] [Fast Refresh] done in 1048ms @ http://localhost:3000/_next/static/chunks/022i_next_dist_01bzi9n._.js:2971
[   28367ms] [LOG] [Fast Refresh] rebuilding @ http://localhost:3000/_next/static/chunks/022i_next_dist_01bzi9n._.js:2971
[   28378ms] [LOG] [Fast Refresh] done in 113ms @ http://localhost:3000/_next/static/chunks/022i_next_dist_01bzi9n._.js:2971
[   40808ms] [LOG] [Fast Refresh] rebuilding @ http://localhost:3000/_next/static/chunks/022i_next_dist_01bzi9n._.js:2971
[   40980ms] [LOG] [Fast Refresh] done in 274ms @ http://localhost:3000/_next/static/chunks/022i_next_dist_01bzi9n._.js:2971
[   41163ms] [INFO] %cDownload the React DevTools for a better development experience: https://react.dev/link/react-devtools font-weight:bold @ http://localhost:3000/_next/static/chunks/022i_next_dist_01bzi9n._.js:2971
[   41197ms] [LOG] [HMR] connected @ http://localhost:3000/_next/static/chunks/022i_next_dist_01bzi9n._.js:2971
[   41497ms] [LOG] [Fast Refresh] rebuilding @ http://localhost:3000/_next/static/chunks/022i_next_dist_01bzi9n._.js:2971
[   41503ms] [LOG] %c[Vercel Web Analytics]%c Debug mode is enabled by default in development. No requests will be sent to the server. color: rgb(120, 120, 120) color: inherit @ http://localhost:3000/_next/static/chunks/022i_next_dist_01bzi9n._.js:2971
[   41503ms] [LOG] %c[Vercel Web Analytics]%c Running queued event color: rgb(120, 120, 120) color: inherit pageview {route: /accounts, path: /accounts} @ http://localhost:3000/_next/static/chunks/022i_next_dist_01bzi9n._.js:2971
[   41504ms] [LOG] %c[Vercel Web Analytics]%c [view] http://localhost:3000/accounts color: rgb(120, 120, 120) color: inherit {o: http://localhost:3000/accounts, sv: 0.1.3, sdkn: @vercel/analytics/next, sdkv: 1.6.1, ts: 1781021533556} /_vercel/insights/view @ http://localhost:3000/_next/static/chunks/022i_next_dist_01bzi9n._.js:2971
[   41796ms] [LOG] [Fast Refresh] done in 441ms @ http://localhost:3000/_next/static/chunks/022i_next_dist_01bzi9n._.js:2971
[   47558ms] [LOG] [Fast Refresh] rebuilding @ http://localhost:3000/_next/static/chunks/022i_next_dist_01bzi9n._.js:2971
[   47559ms] [LOG] [Fast Refresh] done in 183ms @ http://localhost:3000/_next/static/chunks/022i_next_dist_01bzi9n._.js:2971
[   47740ms] [LOG] %c[Vercel Web Analytics]%c [view] http://localhost:3000/settings?tab=general color: rgb(120, 120, 120) color: inherit {o: http://localhost:3000/settings?tab=general, sv: 0.1.3, sdkn: @vercel/analytics/next, sdkv: 1.6.1, ts: 1781021539773} /_vercel/insights/view @ http://localhost:3000/_next/static/chunks/022i_next_dist_01bzi9n._.js:2971
[   47983ms] [LOG] [Fast Refresh] rebuilding @ http://localhost:3000/_next/static/chunks/022i_next_dist_01bzi9n._.js:2971
[   48022ms] [LOG] [Fast Refresh] done in 142ms @ http://localhost:3000/_next/static/chunks/022i_next_dist_01bzi9n._.js:2971
[   58299ms] [LOG] [Fast Refresh] rebuilding @ http://localhost:3000/_next/static/chunks/022i_next_dist_01bzi9n._.js:2971
[   60393ms] [LOG] [Fast Refresh] done in 2253ms @ http://localhost:3000/_next/static/chunks/022i_next_dist_01bzi9n._.js:2971
[   67509ms] [LOG] [Fast Refresh] rebuilding @ http://localhost:3000/_next/static/chunks/022i_next_dist_01bzi9n._.js:2971
[   67733ms] [LOG] [Fast Refresh] done in 325ms @ http://localhost:3000/_next/static/chunks/022i_next_dist_01bzi9n._.js:2971
